{"level":"info","message":"GET /api-docs/","timestamp":"2025-03-19T09:38:36.076Z"}
{"level":"info","message":"GET /api-docs/","timestamp":"2025-03-19T09:38:37.570Z"}
{"level":"info","message":"GET /api-docs/","timestamp":"2025-03-19T09:38:38.046Z"}
{"level":"info","message":"POST /api/region","timestamp":"2025-03-19T09:42:52.694Z"}
{"level":"info","message":"POST /api/regions","timestamp":"2025-03-19T09:42:58.755Z"}
{"level":"info","message":"POST /api/regions","timestamp":"2025-03-19T09:44:18.836Z"}
{"level":"info","message":"POST /api/comments","timestamp":"2025-03-19T09:48:36.740Z"}
{"level":"info","message":"POST /api/comments","timestamp":"2025-03-19T10:35:44.554Z"}
{"level":"info","message":"POST /api/comments","timestamp":"2025-03-19T10:35:45.788Z"}
{"level":"info","message":"GET /api-docs/","timestamp":"2025-03-19T10:39:12.143Z"}
{"level":"info","message":"GET /api-docs/swagger-ui.css","timestamp":"2025-03-19T10:39:12.191Z"}
{"level":"info","message":"GET /api-docs/swagger-ui-init.js","timestamp":"2025-03-19T10:39:12.203Z"}
{"level":"info","message":"GET /api-docs/swagger-ui-standalone-preset.js","timestamp":"2025-03-19T10:39:12.207Z"}
{"level":"info","message":"GET /api-docs/swagger-ui-bundle.js","timestamp":"2025-03-19T10:39:12.208Z"}
{"level":"info","message":"GET /api-docs/favicon-32x32.png","timestamp":"2025-03-19T10:39:12.620Z"}
{"level":"info","message":"POST /api/regions","timestamp":"2025-03-19T10:39:27.243Z"}
{"level":"info","message":"POST /categories","timestamp":"2025-03-19T10:41:13.581Z"}
{"level":"info","message":"POST /api/comments","timestamp":"2025-03-19T10:41:43.368Z"}
{"level":"info","message":"POST /categories","timestamp":"2025-03-19T10:42:50.041Z"}
{"level":"info","message":"POST /categories","timestamp":"2025-03-19T10:43:17.564Z"}
{"level":"info","message":"GET /api-docs/","timestamp":"2025-03-19T10:54:24.880Z"}
{"level":"info","message":"GET /api-docs/swagger-ui.css","timestamp":"2025-03-19T10:54:24.926Z"}
{"level":"info","message":"GET /api-docs/swagger-ui-bundle.js","timestamp":"2025-03-19T10:54:24.927Z"}
{"level":"info","message":"GET /api-docs/swagger-ui-standalone-preset.js","timestamp":"2025-03-19T10:54:24.929Z"}
{"level":"info","message":"GET /api-docs/swagger-ui-init.js","timestamp":"2025-03-19T10:54:24.932Z"}
{"level":"info","message":"GET /api-docs/favicon-32x32.png","timestamp":"2025-03-19T10:54:25.385Z"}
{"level":"info","message":"GET /api-docs","timestamp":"2025-03-19T10:54:38.970Z"}
{"level":"info","message":"GET /api-docs/","timestamp":"2025-03-19T10:54:38.975Z"}
{"level":"info","message":"GET /api-docs/swagger-ui.css","timestamp":"2025-03-19T10:54:39.019Z"}
{"level":"info","message":"GET /api-docs/swagger-ui-bundle.js","timestamp":"2025-03-19T10:54:39.023Z"}
{"level":"info","message":"GET /api-docs/swagger-ui-standalone-preset.js","timestamp":"2025-03-19T10:54:39.025Z"}
{"level":"info","message":"GET /api-docs/swagger-ui-init.js","timestamp":"2025-03-19T10:54:39.026Z"}
{"level":"info","message":"POST /categories","timestamp":"2025-03-19T10:56:15.466Z"}
{"level":"info","message":"GET /api-docs/","timestamp":"2025-03-19T11:02:52.161Z"}
{"level":"info","message":"GET /api-docs/swagger-ui.css","timestamp":"2025-03-19T11:02:52.197Z"}
{"level":"info","message":"GET /api-docs/swagger-ui-bundle.js","timestamp":"2025-03-19T11:02:52.198Z"}
{"level":"info","message":"GET /api-docs/swagger-ui-standalone-preset.js","timestamp":"2025-03-19T11:02:52.201Z"}
{"level":"info","message":"GET /api-docs/swagger-ui-init.js","timestamp":"2025-03-19T11:02:52.202Z"}
{"level":"info","message":"GET /api-docs/favicon-32x32.png","timestamp":"2025-03-19T11:02:52.340Z"}
{"level":"info","message":"GET /api-docs/","timestamp":"2025-03-19T11:08:19.620Z"}
{"level":"info","message":"GET /api-docs/swagger-ui.css","timestamp":"2025-03-19T11:08:19.657Z"}
{"level":"info","message":"GET /api-docs/swagger-ui-bundle.js","timestamp":"2025-03-19T11:08:19.659Z"}
{"level":"info","message":"GET /api-docs/swagger-ui-standalone-preset.js","timestamp":"2025-03-19T11:08:19.665Z"}
{"level":"info","message":"GET /api-docs/swagger-ui-init.js","timestamp":"2025-03-19T11:08:19.666Z"}
{"level":"info","message":"GET /api-docs/favicon-32x32.png","timestamp":"2025-03-19T11:08:19.806Z"}
{"level":"info","message":"POST /categories","timestamp":"2025-03-19T11:08:27.330Z"}
{"level":"info","message":"GET /api-docs/","timestamp":"2025-03-19T11:10:12.000Z"}
{"level":"info","message":"GET /api-docs/swagger-ui.css","timestamp":"2025-03-19T11:10:12.022Z"}
{"level":"info","message":"GET /api-docs/swagger-ui-bundle.js","timestamp":"2025-03-19T11:10:12.025Z"}
{"level":"info","message":"GET /api-docs/swagger-ui-standalone-preset.js","timestamp":"2025-03-19T11:10:12.026Z"}
{"level":"info","message":"GET /api-docs/swagger-ui-init.js","timestamp":"2025-03-19T11:10:12.034Z"}
{"level":"info","message":"POST /orders","timestamp":"2025-03-19T11:10:30.214Z"}
{"level":"info","message":"POST /products","timestamp":"2025-03-19T11:11:05.133Z"}
{"level":"info","message":"GET /products/1","timestamp":"2025-03-19T11:11:23.963Z"}
{"level":"info","message":"GET /products/2","timestamp":"2025-03-19T11:11:31.958Z"}
{"level":"info","message":"GET /products/2","timestamp":"2025-03-19T11:11:35.728Z"}
{"level":"info","message":"GET /products/0","timestamp":"2025-03-19T11:11:45.508Z"}
{"level":"info","message":"GET /api-docs/","timestamp":"2025-03-19T11:15:44.323Z"}
{"level":"info","message":"GET /api-docs/swagger-ui.css","timestamp":"2025-03-19T11:15:44.365Z"}
{"level":"info","message":"GET /api-docs/swagger-ui-bundle.js","timestamp":"2025-03-19T11:15:44.367Z"}
{"level":"info","message":"GET /api-docs/swagger-ui-standalone-preset.js","timestamp":"2025-03-19T11:15:44.368Z"}
{"level":"info","message":"GET /api-docs/swagger-ui-init.js","timestamp":"2025-03-19T11:15:44.369Z"}
{"level":"info","message":"GET /api-docs/favicon-32x32.png","timestamp":"2025-03-19T11:15:44.574Z"}
{"level":"info","message":"GET /api-docs/","timestamp":"2025-03-19T11:16:15.387Z"}
{"level":"info","message":"GET /api-docs/swagger-ui.css","timestamp":"2025-03-19T11:16:15.430Z"}
{"level":"info","message":"GET /api-docs/swagger-ui-bundle.js","timestamp":"2025-03-19T11:16:15.432Z"}
{"level":"info","message":"GET /api-docs/swagger-ui-standalone-preset.js","timestamp":"2025-03-19T11:16:15.439Z"}
{"level":"info","message":"GET /api-docs/swagger-ui-init.js","timestamp":"2025-03-19T11:16:15.440Z"}
{"level":"info","message":"GET /api-docs/favicon-32x32.png","timestamp":"2025-03-19T11:16:15.561Z"}
{"level":"info","message":"GET /api-docs/","timestamp":"2025-03-19T11:17:23.371Z"}
{"level":"info","message":"GET /api-docs/swagger-ui.css","timestamp":"2025-03-19T11:17:23.413Z"}
{"level":"info","message":"GET /api-docs/swagger-ui-bundle.js","timestamp":"2025-03-19T11:17:23.415Z"}
{"level":"info","message":"GET /api-docs/swagger-ui-init.js","timestamp":"2025-03-19T11:17:23.416Z"}
{"level":"info","message":"GET /api-docs/swagger-ui-standalone-preset.js","timestamp":"2025-03-19T11:17:23.417Z"}
{"level":"info","message":"GET /api-docs/favicon-32x32.png","timestamp":"2025-03-19T11:17:23.576Z"}
{"level":"info","message":"GET /api-docs/","timestamp":"2025-03-19T11:19:11.525Z"}
{"level":"info","message":"GET /api-docs/swagger-ui.css","timestamp":"2025-03-19T11:19:11.569Z"}
{"level":"info","message":"GET /api-docs/swagger-ui-bundle.js","timestamp":"2025-03-19T11:19:11.578Z"}
{"level":"info","message":"GET /api-docs/swagger-ui-standalone-preset.js","timestamp":"2025-03-19T11:19:11.580Z"}
{"level":"info","message":"GET /api-docs/swagger-ui-init.js","timestamp":"2025-03-19T11:19:11.581Z"}
{"level":"info","message":"GET /api-docs/favicon-32x32.png","timestamp":"2025-03-19T11:19:11.766Z"}
{"level":"info","message":"GET /api-docs/","timestamp":"2025-03-19T11:19:41.021Z"}
{"level":"info","message":"GET /api-docs/swagger-ui.css","timestamp":"2025-03-19T11:19:41.073Z"}
{"level":"info","message":"GET /api-docs/swagger-ui-bundle.js","timestamp":"2025-03-19T11:19:41.075Z"}
{"level":"info","message":"GET /api-docs/swagger-ui-standalone-preset.js","timestamp":"2025-03-19T11:19:41.076Z"}
{"level":"info","message":"GET /api-docs/swagger-ui-init.js","timestamp":"2025-03-19T11:19:41.079Z"}
{"level":"info","message":"GET /api-docs/favicon-32x32.png","timestamp":"2025-03-19T11:19:41.221Z"}
{"level":"info","message":"GET /api-docs/","timestamp":"2025-03-19T11:20:41.492Z"}
{"level":"info","message":"GET /api-docs/swagger-ui.css","timestamp":"2025-03-19T11:20:41.553Z"}
{"level":"info","message":"GET /api-docs/swagger-ui-bundle.js","timestamp":"2025-03-19T11:20:41.555Z"}
{"level":"info","message":"GET /api-docs/swagger-ui-standalone-preset.js","timestamp":"2025-03-19T11:20:41.562Z"}
{"level":"info","message":"GET /api-docs/swagger-ui-init.js","timestamp":"2025-03-19T11:20:41.563Z"}
{"level":"info","message":"GET /api-docs/favicon-32x32.png","timestamp":"2025-03-19T11:20:41.759Z"}
{"level":"info","message":"GET /api-docs/","timestamp":"2025-03-19T11:21:03.121Z"}
{"level":"info","message":"GET /api-docs/swagger-ui.css","timestamp":"2025-03-19T11:21:03.156Z"}
{"level":"info","message":"GET /api-docs/swagger-ui-bundle.js","timestamp":"2025-03-19T11:21:03.159Z"}
{"level":"info","message":"GET /api-docs/swagger-ui-standalone-preset.js","timestamp":"2025-03-19T11:21:03.160Z"}
{"level":"info","message":"GET /api-docs/swagger-ui-init.js","timestamp":"2025-03-19T11:21:03.162Z"}
{"level":"info","message":"GET /api-docs/favicon-32x32.png","timestamp":"2025-03-19T11:21:03.297Z"}
{"level":"info","message":"GET /api-docs/","timestamp":"2025-03-19T11:21:22.207Z"}
{"level":"info","message":"GET /api-docs/swagger-ui.css","timestamp":"2025-03-19T11:21:22.254Z"}
{"level":"info","message":"GET /api-docs/swagger-ui-bundle.js","timestamp":"2025-03-19T11:21:22.255Z"}
{"level":"info","message":"GET /api-docs/swagger-ui-standalone-preset.js","timestamp":"2025-03-19T11:21:22.256Z"}
{"level":"info","message":"GET /api-docs/swagger-ui-init.js","timestamp":"2025-03-19T11:21:22.257Z"}
{"level":"info","message":"GET /api-docs/favicon-32x32.png","timestamp":"2025-03-19T11:21:22.471Z"}
{"level":"info","message":"GET /api-docs/","timestamp":"2025-03-19T11:21:37.867Z"}
{"level":"info","message":"GET /api-docs/swagger-ui.css","timestamp":"2025-03-19T11:21:37.900Z"}
{"level":"info","message":"GET /api-docs/swagger-ui-bundle.js","timestamp":"2025-03-19T11:21:37.904Z"}
{"level":"info","message":"GET /api-docs/swagger-ui-standalone-preset.js","timestamp":"2025-03-19T11:21:37.908Z"}
{"level":"info","message":"GET /api-docs/swagger-ui-init.js","timestamp":"2025-03-19T11:21:37.911Z"}
{"level":"info","message":"GET /api-docs/favicon-32x32.png","timestamp":"2025-03-19T11:21:38.023Z"}
{"level":"info","message":"GET /api-docs/","timestamp":"2025-03-19T11:22:27.418Z"}
{"level":"info","message":"GET /api-docs/swagger-ui.css","timestamp":"2025-03-19T11:22:27.459Z"}
{"level":"info","message":"GET /api-docs/swagger-ui-bundle.js","timestamp":"2025-03-19T11:22:27.461Z"}
{"level":"info","message":"GET /api-docs/swagger-ui-standalone-preset.js","timestamp":"2025-03-19T11:22:27.462Z"}
{"level":"info","message":"GET /api-docs/swagger-ui-init.js","timestamp":"2025-03-19T11:22:27.477Z"}
{"level":"info","message":"GET /api-docs/favicon-32x32.png","timestamp":"2025-03-19T11:22:27.667Z"}
{"level":"info","message":"GET /api-docs/","timestamp":"2025-03-19T11:26:18.225Z"}
{"level":"info","message":"GET /api-docs/swagger-ui-init.js","timestamp":"2025-03-19T11:26:18.267Z"}
{"level":"info","message":"GET /api-docs/swagger-ui.css","timestamp":"2025-03-19T11:26:18.276Z"}
{"level":"info","message":"GET /api-docs/swagger-ui-bundle.js","timestamp":"2025-03-19T11:26:18.278Z"}
{"level":"info","message":"GET /api-docs/swagger-ui-standalone-preset.js","timestamp":"2025-03-19T11:26:18.280Z"}
{"level":"info","message":"GET /api-docs/favicon-32x32.png","timestamp":"2025-03-19T11:26:18.500Z"}
{"level":"info","message":"GET /api-docs/","timestamp":"2025-03-19T11:27:05.463Z"}
{"level":"info","message":"GET /api-docs/swagger-ui.css","timestamp":"2025-03-19T11:27:05.509Z"}
{"level":"info","message":"GET /api-docs/swagger-ui-bundle.js","timestamp":"2025-03-19T11:27:05.515Z"}
{"level":"info","message":"GET /api-docs/swagger-ui-standalone-preset.js","timestamp":"2025-03-19T11:27:05.520Z"}
{"level":"info","message":"GET /api-docs/swagger-ui-init.js","timestamp":"2025-03-19T11:27:05.521Z"}
{"level":"info","message":"GET /api-docs/favicon-32x32.png","timestamp":"2025-03-19T11:27:05.734Z"}
{"level":"info","message":"GET /api-docs/","timestamp":"2025-03-19T11:28:40.369Z"}
{"level":"info","message":"GET /api-docs/swagger-ui.css","timestamp":"2025-03-19T11:28:40.406Z"}
{"level":"info","message":"GET /api-docs/swagger-ui-standalone-preset.js","timestamp":"2025-03-19T11:28:40.411Z"}
{"level":"info","message":"GET /api-docs/swagger-ui-init.js","timestamp":"2025-03-19T11:28:40.412Z"}
{"level":"info","message":"GET /api-docs/swagger-ui-bundle.js","timestamp":"2025-03-19T11:28:40.414Z"}
{"level":"info","message":"GET /api-docs/favicon-32x32.png","timestamp":"2025-03-19T11:28:40.586Z"}
{"level":"info","message":"GET /api-docs/","timestamp":"2025-03-19T11:29:52.851Z"}
{"level":"info","message":"GET /api-docs/swagger-ui.css","timestamp":"2025-03-19T11:29:52.898Z"}
{"level":"info","message":"GET /api-docs/swagger-ui-bundle.js","timestamp":"2025-03-19T11:29:52.899Z"}
{"level":"info","message":"GET /api-docs/swagger-ui-init.js","timestamp":"2025-03-19T11:29:52.900Z"}
{"level":"info","message":"GET /api-docs/swagger-ui-standalone-preset.js","timestamp":"2025-03-19T11:29:52.902Z"}
{"level":"info","message":"GET /api-docs/favicon-32x32.png","timestamp":"2025-03-19T11:29:53.100Z"}
{"level":"info","message":"GET /api-docs/","timestamp":"2025-03-19T11:33:12.513Z"}
{"level":"info","message":"GET /api-docs/swagger-ui.css","timestamp":"2025-03-19T11:33:12.550Z"}
{"level":"info","message":"GET /api-docs/swagger-ui-bundle.js","timestamp":"2025-03-19T11:33:12.554Z"}
{"level":"info","message":"GET /api-docs/swagger-ui-standalone-preset.js","timestamp":"2025-03-19T11:33:12.558Z"}
{"level":"info","message":"GET /api-docs/swagger-ui-init.js","timestamp":"2025-03-19T11:33:12.559Z"}
{"level":"info","message":"GET /api-docs/favicon-32x32.png","timestamp":"2025-03-19T11:33:12.732Z"}
{"level":"info","message":"POST /api/categories","timestamp":"2025-03-19T11:36:22.313Z"}
{"level":"info","message":"POST /api/categories","timestamp":"2025-03-19T11:38:40.908Z"}
{"level":"info","message":"POST /api/categories","timestamp":"2025-03-19T11:39:59.031Z"}
{"level":"info","message":"POST /api/categories","timestamp":"2025-03-19T11:40:00.194Z"}
{"level":"info","message":"POST /api/categories","timestamp":"2025-03-19T11:40:40.244Z"}
{"level":"info","message":"POST /api/categories","timestamp":"2025-03-19T11:41:33.201Z"}
{"level":"info","message":"POST /api/categories","timestamp":"2025-03-19T11:41:49.062Z"}
{"level":"info","message":"POST /api/categories","timestamp":"2025-03-19T11:44:47.548Z"}
{"level":"info","message":"POST /api/products","timestamp":"2025-03-19T11:46:31.932Z"}
{"level":"info","message":"POST /api/products","timestamp":"2025-03-19T11:48:14.844Z"}
{"level":"info","message":"POST /api/products","timestamp":"2025-03-19T11:49:46.018Z"}
{"level":"info","message":"POST /api/products","timestamp":"2025-03-19T11:56:29.941Z"}
{"level":"info","message":"POST /api/products","timestamp":"2025-03-19T11:57:38.777Z"}
{"level":"info","message":"POST /api/products","timestamp":"2025-03-19T11:59:08.727Z"}
{"level":"info","message":"POST /api/products","timestamp":"2025-03-19T12:02:47.710Z"}
{"level":"info","message":"POST /api/products","timestamp":"2025-03-19T12:03:35.791Z"}
{"level":"info","message":"PUT /api/products/1","timestamp":"2025-03-19T12:05:40.477Z"}
{"level":"info","message":"DELETE /api/products/1","timestamp":"2025-03-19T12:06:07.798Z"}
{"level":"info","message":"GET /api/categories","timestamp":"2025-03-19T12:07:05.169Z"}
{"level":"info","message":"POST /api/categories","timestamp":"2025-03-19T12:07:39.845Z"}
{"level":"info","message":"GET /api/categories","timestamp":"2025-03-19T12:07:45.072Z"}
{"level":"info","message":"PUT /api/categories/1","timestamp":"2025-03-19T12:08:15.417Z"}
{"level":"info","message":"GET /api/orders","timestamp":"2025-03-19T12:13:33.003Z"}
{"level":"info","message":"POST /api/orders","timestamp":"2025-03-19T12:14:37.793Z"}
{"level":"info","message":"PUT /api/orders/1","timestamp":"2025-03-19T12:15:00.201Z"}
{"level":"info","message":"PUT /api/orders/1","timestamp":"2025-03-19T12:15:07.394Z"}
{"level":"info","message":"PUT /api/orders/2","timestamp":"2025-03-19T12:15:23.323Z"}
{"level":"info","message":"PUT /api/orders/5","timestamp":"2025-03-19T12:15:29.620Z"}
{"level":"info","message":"PUT /api/orders/1","timestamp":"2025-03-19T12:15:31.613Z"}
{"level":"info","message":"PUT /api/orders/1","timestamp":"2025-03-19T12:15:48.157Z"}
